   ▲ Next.js 15.1.11
   - Local:        http://localhost:4000
   - Network:      http://0.0.0.0:4000

 ✓ Starting...
 ✓ Ready in 429ms
 ⚠ Unsupported metadata themeColor is configured in metadata export in /book. Please move it to viewport export instead.
Read more: https://nextjs.org/docs/app/api-reference/functions/generate-viewport
 ⚠ Unsupported metadata themeColor is configured in metadata export in /_next/static/media/36966cca54120369-s.p.woff2. Please move it to viewport export instead.
Read more: https://nextjs.org/docs/app/api-reference/functions/generate-viewport
 ⚠ Unsupported metadata themeColor is configured in metadata export in /_next/static/media/e4af272ccee01ff0-s.p.woff2. Please move it to viewport export instead.
Read more: https://nextjs.org/docs/app/api-reference/functions/generate-viewport
 ⚠ Unsupported metadata themeColor is configured in metadata export in /_next/static/css/99aed4fdcbf06eee.css. Please move it to viewport export instead.
Read more: https://nextjs.org/docs/app/api-reference/functions/generate-viewport
 ⚠ Unsupported metadata themeColor is configured in metadata export in /_next/static/css/35d7ea13da595721.css. Please move it to viewport export instead.
Read more: https://nextjs.org/docs/app/api-reference/functions/generate-viewport
 ⚠ Unsupported metadata themeColor is configured in metadata export in /airbear-mascot.png. Please move it to viewport export instead.
Read more: https://nextjs.org/docs/app/api-reference/functions/generate-viewport
 ⚠ Unsupported metadata themeColor is configured in metadata export in /airbear-mascot.png. Please move it to viewport export instead.
Read more: https://nextjs.org/docs/app/api-reference/functions/generate-viewport
 ⚠ Unsupported metadata themeColor is configured in metadata export in /_next/static/chunks/webpack-aef3438fb6ebd7d1.js. Please move it to viewport export instead.
Read more: https://nextjs.org/docs/app/api-reference/functions/generate-viewport
 ⨯ The requested resource isn't a valid image for /airbear-mascot.png received text/html; charset=utf-8
 ⚠ Unsupported metadata themeColor is configured in metadata export in /_next/static/chunks/08e6287a-588f2264415b6b6b.js. Please move it to viewport export instead.
Read more: https://nextjs.org/docs/app/api-reference/functions/generate-viewport
 ⨯ The requested resource isn't a valid image for /airbear-mascot.png received text/html; charset=utf-8
 ⚠ Unsupported metadata themeColor is configured in metadata export in /_next/static/chunks/723-6443f393339e0339.js. Please move it to viewport export instead.
Read more: https://nextjs.org/docs/app/api-reference/functions/generate-viewport
 ⚠ Unsupported metadata themeColor is configured in metadata export in /airbear-mascot.png. Please move it to viewport export instead.
Read more: https://nextjs.org/docs/app/api-reference/functions/generate-viewport
 ⨯ The requested resource isn't a valid image for /airbear-mascot.png received text/html; charset=utf-8
 ⚠ Unsupported metadata themeColor is configured in metadata export in /_next/static/chunks/main-app-f3e805fff67dd0d5.js. Please move it to viewport export instead.
Read more: https://nextjs.org/docs/app/api-reference/functions/generate-viewport
 ⚠ Unsupported metadata themeColor is configured in metadata export in /_next/static/chunks/254-d6766bf02a115e9a.js. Please move it to viewport export instead.
Read more: https://nextjs.org/docs/app/api-reference/functions/generate-viewport
 ⚠ Unsupported metadata themeColor is configured in metadata export in /_next/static/chunks/765-f1d53e2d9fe193f7.js. Please move it to viewport export instead.
Read more: https://nextjs.org/docs/app/api-reference/functions/generate-viewport
 ⚠ Unsupported metadata themeColor is configured in metadata export in /_next/static/chunks/274-4d8e2e4afc7516f6.js. Please move it to viewport export instead.
Read more: https://nextjs.org/docs/app/api-reference/functions/generate-viewport
 ⚠ Unsupported metadata themeColor is configured in metadata export in /_next/static/chunks/49-e56fca23b77a13bc.js. Please move it to viewport export instead.
Read more: https://nextjs.org/docs/app/api-reference/functions/generate-viewport
 ⚠ Unsupported metadata themeColor is configured in metadata export in /_next/static/chunks/104-a30ae907de3a93ed.js. Please move it to viewport export instead.
Read more: https://nextjs.org/docs/app/api-reference/functions/generate-viewport
 ⚠ Unsupported metadata themeColor is configured in metadata export in /_next/static/chunks/app/layout-bffbcc99d9d9c5c5.js. Please move it to viewport export instead.
Read more: https://nextjs.org/docs/app/api-reference/functions/generate-viewport
 ⚠ Unsupported metadata themeColor is configured in metadata export in /_next/static/chunks/app/error-a5ef72d8d39e9371.js. Please move it to viewport export instead.
Read more: https://nextjs.org/docs/app/api-reference/functions/generate-viewport
 ⚠ Unsupported metadata themeColor is configured in metadata export in /_next/static/chunks/654-7b99d7f331e2c906.js. Please move it to viewport export instead.
Read more: https://nextjs.org/docs/app/api-reference/functions/generate-viewport
 ⚠ Unsupported metadata themeColor is configured in metadata export in /_next/static/chunks/app/not-found-f837f719157455c4.js. Please move it to viewport export instead.
Read more: https://nextjs.org/docs/app/api-reference/functions/generate-viewport
 ⚠ Unsupported metadata themeColor is configured in metadata export in /_next/static/chunks/app/book/page-55adc60265ea7d58.js. Please move it to viewport export instead.
Read more: https://nextjs.org/docs/app/api-reference/functions/generate-viewport
 ⚠ Unsupported metadata themeColor is configured in metadata export in /airbear-mascot.png. Please move it to viewport export instead.
Read more: https://nextjs.org/docs/app/api-reference/functions/generate-viewport
