
[01/12]   8% |    0s | VERIFY → Repo sanity
[PASS] Repo structure OK

[02/12]  16% |    0s | VERIFY → Next config hardened
[PASS] Next config hardened

[03/12]  25% |    0s | VERIFY → Middleware hardened
[PASS] Middleware hardened

[04/12]  33% |    0s | VERIFY → Telemetry API routes
[PASS] Telemetry APIs present

[05/12]  41% |    0s | VERIFY → Stripe webhook hardened
[PASS] Stripe webhook verified

[06/12]  50% |    0s | VERIFY → Supabase telemetry migration
[PASS] Telemetry migration present

[07/12]  58% |    0s | VERIFY → RLS enforcement
[PASS] RLS enforced

[08/12]  66% |    0s | VERIFY → CI workflows
[PASS] All CI workflows present

[09/12]  75% |    0s | VERIFY → Env contract
[PASS] Env contract valid

[10/12]  83% |    0s | VERIFY → Log integrity
[PASS] Logs present

[11/12]  91% |    0s | VERIFY → Idempotency (marker-based)
[PASS] Idempotency marker created

[12/12] 100% |    0s | VERIFY → Final verdict

==================================================
[✓] AIRBEAR VERIFIED — ALL SYSTEMS GO
Report → reports/airbear/latest/report.txt
Logs   → reports/airbear/latest/
==================================================
